[debug] [2025-02-14T18:40:52.950Z] ----------------------------------------------------------------------
[debug] [2025-02-14T18:40:52.951Z] Command:       /usr/local/bin/node /Users/pratiush/.npm-global/bin/firebase init
[debug] [2025-02-14T18:40:52.951Z] CLI Version:   13.16.0
[debug] [2025-02-14T18:40:52.951Z] Platform:      darwin
[debug] [2025-02-14T18:40:52.951Z] Node Version:  v22.14.0
[debug] [2025-02-14T18:40:52.951Z] Time:          Fri Feb 14 2025 13:40:52 GMT-0500 (Eastern Standard Time)
[debug] [2025-02-14T18:40:52.951Z] ----------------------------------------------------------------------
[debug] 
[debug] [2025-02-14T18:40:52.954Z] > command requires scopes: ["email","openid","https://www.googleapis.com/auth/cloudplatformprojects.readonly","https://www.googleapis.com/auth/firebase","https://www.googleapis.com/auth/cloud-platform"]
[debug] [2025-02-14T18:40:52.954Z] > authorizing via signed-in user (pratiush776@gmail.com)
[info] 
     ######## #### ########  ######## ########     ###     ######  ########
     ##        ##  ##     ## ##       ##     ##  ##   ##  ##       ##
     ######    ##  ########  ######   ########  #########  ######  ######
     ##        ##  ##    ##  ##       ##     ## ##     ##       ## ##
     ##       #### ##     ## ######## ########  ##     ##  ######  ########

You're about to initialize a Firebase project in this directory:

  /Users/pratiush/Desktop/Projects/portfolio

[info] 
=== Project Setup
[info] 
[info] First, let's associate this project directory with a Firebase project.
[info] You can create multiple project aliases by running firebase use --add, 
[info] but for now we'll just set up a default project.
[info] 
[info] i  If you want to create a project in a Google Cloud organization or folder, please use "firebase projects:create" instead, and return to this command when you've created the project. 
[debug] [2025-02-14T18:41:35.663Z] >>> [apiv2][query] POST https://cloudresourcemanager.googleapis.com/v1/projects [none]
[debug] [2025-02-14T18:41:35.664Z] >>> [apiv2][body] POST https://cloudresourcemanager.googleapis.com/v1/projects {"projectId":"personal_portfolio","name":"portfolio"}
[debug] [2025-02-14T18:41:35.860Z] <<< [apiv2][status] POST https://cloudresourcemanager.googleapis.com/v1/projects 400
[debug] [2025-02-14T18:41:35.861Z] <<< [apiv2][body] POST https://cloudresourcemanager.googleapis.com/v1/projects {"error":{"code":400,"message":"field [project_id] has issue [project_id contains invalid characters]","status":"INVALID_ARGUMENT","details":[{"@type":"type.googleapis.com/google.rpc.BadRequest","fieldViolations":[{"field":"project_id","description":"project_id contains invalid characters"}]},{"@type":"type.googleapis.com/google.rpc.Help","links":[{"url":"https://cloud.google.com/resource-manager/reference/rest/v1/projects"}]}]}}
[debug] [2025-02-14T18:41:35.933Z] FirebaseError: HTTP Error: 400, field [project_id] has issue [project_id contains invalid characters]
    at responseToError (/Users/pratiush/.npm-global/lib/node_modules/firebase-tools/lib/responseToError.js:49:12)
    at RetryOperation._fn (/Users/pratiush/.npm-global/lib/node_modules/firebase-tools/lib/apiv2.js:305:77)
    at process.processTicksAndRejections (node:internal/process/task_queues:105:5)
[error] 
[error] Error: Failed to create project. See firebase-debug.log for more info.
